[0.763s] Invoking command in '/home/ryota/ros2_ws1/src/mypkg': PYTHONPATH=/home/ryota/ros2_ws1/src/mypkg/build/mypkg/prefix_override:/home/ryota/ros2_ws1/src/mypkg/install/mypkg/lib/python3.8/site-packages:${PYTHONPATH} /usr/bin/python3 setup.py egg_info --egg-base build/mypkg build --build-base /home/ryota/ros2_ws1/src/mypkg/build/mypkg/build install --record /home/ryota/ros2_ws1/src/mypkg/build/mypkg/install.log --install-scripts $base/lib/mypkg --single-version-externally-managed
[0.949s] running egg_info
[0.949s] creating build/mypkg/mypkg.egg-info
[0.949s] writing build/mypkg/mypkg.egg-info/PKG-INFO
[0.949s] writing dependency_links to build/mypkg/mypkg.egg-info/dependency_links.txt
[0.950s] writing entry points to build/mypkg/mypkg.egg-info/entry_points.txt
[0.950s] writing requirements to build/mypkg/mypkg.egg-info/requires.txt
[0.950s] writing top-level names to build/mypkg/mypkg.egg-info/top_level.txt
[0.951s] writing manifest file 'build/mypkg/mypkg.egg-info/SOURCES.txt'
[0.985s] reading manifest file 'build/mypkg/mypkg.egg-info/SOURCES.txt'
[0.986s] writing manifest file 'build/mypkg/mypkg.egg-info/SOURCES.txt'
[0.986s] running build
[0.986s] running build_py
[0.987s] creating /home/ryota/ros2_ws1/src/mypkg/build/mypkg/build
[0.987s] creating /home/ryota/ros2_ws1/src/mypkg/build/mypkg/build/lib
[0.987s] creating /home/ryota/ros2_ws1/src/mypkg/build/mypkg/build/lib/mypkg
[0.987s] copying mypkg/talker.py -> /home/ryota/ros2_ws1/src/mypkg/build/mypkg/build/lib/mypkg
[0.987s] copying mypkg/listener.py -> /home/ryota/ros2_ws1/src/mypkg/build/mypkg/build/lib/mypkg
[0.987s] copying mypkg/__init__.py -> /home/ryota/ros2_ws1/src/mypkg/build/mypkg/build/lib/mypkg
[0.987s] running install
[0.988s] running install_lib
[0.989s] creating /home/ryota/ros2_ws1/src/mypkg/install/mypkg/lib/python3.8/site-packages/mypkg
[0.989s] copying /home/ryota/ros2_ws1/src/mypkg/build/mypkg/build/lib/mypkg/talker.py -> /home/ryota/ros2_ws1/src/mypkg/install/mypkg/lib/python3.8/site-packages/mypkg
[0.989s] copying /home/ryota/ros2_ws1/src/mypkg/build/mypkg/build/lib/mypkg/listener.py -> /home/ryota/ros2_ws1/src/mypkg/install/mypkg/lib/python3.8/site-packages/mypkg
[0.989s] copying /home/ryota/ros2_ws1/src/mypkg/build/mypkg/build/lib/mypkg/__init__.py -> /home/ryota/ros2_ws1/src/mypkg/install/mypkg/lib/python3.8/site-packages/mypkg
[0.990s] byte-compiling /home/ryota/ros2_ws1/src/mypkg/install/mypkg/lib/python3.8/site-packages/mypkg/talker.py to talker.cpython-38.pyc
[0.992s] byte-compiling /home/ryota/ros2_ws1/src/mypkg/install/mypkg/lib/python3.8/site-packages/mypkg/listener.py to listener.cpython-38.pyc
[0.992s] byte-compiling /home/ryota/ros2_ws1/src/mypkg/install/mypkg/lib/python3.8/site-packages/mypkg/__init__.py to __init__.cpython-38.pyc
[0.992s] running install_data
[0.993s] creating /home/ryota/ros2_ws1/src/mypkg/install/mypkg/share/ament_index
[0.993s] creating /home/ryota/ros2_ws1/src/mypkg/install/mypkg/share/ament_index/resource_index
[0.993s] creating /home/ryota/ros2_ws1/src/mypkg/install/mypkg/share/ament_index/resource_index/packages
[0.993s] copying resource/mypkg -> /home/ryota/ros2_ws1/src/mypkg/install/mypkg/share/ament_index/resource_index/packages
[0.994s] copying package.xml -> /home/ryota/ros2_ws1/src/mypkg/install/mypkg/share/mypkg
[0.994s] running install_egg_info
[0.996s] Copying build/mypkg/mypkg.egg-info to /home/ryota/ros2_ws1/src/mypkg/install/mypkg/lib/python3.8/site-packages/mypkg-0.0.0-py3.8.egg-info
[0.997s] running install_scripts
[1.014s] Installing listener script to /home/ryota/ros2_ws1/src/mypkg/install/mypkg/lib/mypkg
[1.014s] Installing talker script to /home/ryota/ros2_ws1/src/mypkg/install/mypkg/lib/mypkg
[1.014s] writing list of installed files to '/home/ryota/ros2_ws1/src/mypkg/build/mypkg/install.log'
[1.032s] Invoked command in '/home/ryota/ros2_ws1/src/mypkg' returned '0': PYTHONPATH=/home/ryota/ros2_ws1/src/mypkg/build/mypkg/prefix_override:/home/ryota/ros2_ws1/src/mypkg/install/mypkg/lib/python3.8/site-packages:${PYTHONPATH} /usr/bin/python3 setup.py egg_info --egg-base build/mypkg build --build-base /home/ryota/ros2_ws1/src/mypkg/build/mypkg/build install --record /home/ryota/ros2_ws1/src/mypkg/build/mypkg/install.log --install-scripts $base/lib/mypkg --single-version-externally-managed
